The target system is: Generic -  - 
The host system is: Linux - 5.15.0-60-generic - aarch64
Compiling the C compiler identification source file "CMakeCCompilerId.c" succeeded.
Compiler: /home/sameergupta/.espressif/tools/xtensa-esp32-elf/esp-2021r2-patch5-8.4.0/xtensa-esp32-elf/bin/xtensa-esp32-elf-gcc 
Build flags: -mlongcalls;-Wno-frame-address;
Id flags:  

The output was:
0


Compilation of the C compiler identification source "CMakeCCompilerId.c" produced "a.out"

The C compiler identification is GNU, found in "/home/sameergupta/e-Yantra-HolA-Bot/task_five/build/bootloader/CMakeFiles/3.16.3/CompilerIdC/a.out"

Compiling the CXX compiler identification source file "CMakeCXXCompilerId.cpp" succeeded.
Compiler: /home/sameergupta/.espressif/tools/xtensa-esp32-elf/esp-2021r2-patch5-8.4.0/xtensa-esp32-elf/bin/xtensa-esp32-elf-g++ 
Build flags: -mlongcalls;-Wno-frame-address;
Id flags:  

The output was:
0


Compilation of the CXX compiler identification source "CMakeCXXCompilerId.cpp" produced "a.out"

The CXX compiler identification is GNU, found in "/home/sameergupta/e-Yantra-HolA-Bot/task_five/build/bootloader/CMakeFiles/3.16.3/CompilerIdCXX/a.out"

Checking whether the ASM compiler is GNU using "--version" matched "(GNU assembler)|(GCC)|(Free Software Foundation)":
xtensa-esp32-elf-gcc (crosstool-NG esp-2021r2-patch5) 8.4.0
Copyright (C) 2018 Free Software Foundation, Inc.
This is free software; see the source for copying conditions.  There is NO
warranty; not even for MERCHANTABILITY or FITNESS FOR A PARTICULAR PURPOSE.

Determining if the C compiler works passed with the following output:
Change Dir: /home/sameergupta/e-Yantra-HolA-Bot/task_five/build/bootloader/CMakeFiles/CMakeTmp

Run Build Command(s):/usr/bin/ninja cmTC_3b9b1 && [1/2] Building C object CMakeFiles/cmTC_3b9b1.dir/testCCompiler.c.obj
[2/2] Linking C executable cmTC_3b9b1



Detecting C compiler ABI info compiled with the following output:
Change Dir: /home/sameergupta/e-Yantra-HolA-Bot/task_five/build/bootloader/CMakeFiles/CMakeTmp

Run Build Command(s):/usr/bin/ninja cmTC_c3c6a && [1/2] Building C object CMakeFiles/cmTC_c3c6a.dir/CMakeCCompilerABI.c.obj
Using built-in specs.
COLLECT_GCC=/home/sameergupta/.espressif/tools/xtensa-esp32-elf/esp-2021r2-patch5-8.4.0/xtensa-esp32-elf/bin/xtensa-esp32-elf-gcc
Target: xtensa-esp32-elf
Configured with: /builds/idf/crosstool-NG/.build/HOST-aarch64-linux-gnu/xtensa-esp32-elf/src/gcc/configure --build=x86_64-build_pc-linux-gnu --host=aarch64-host_unknown-linux-gnu --target=xtensa-esp32-elf --prefix=/builds/idf/crosstool-NG/builds/xtensa-esp32-elf --exec_prefix=/builds/idf/crosstool-NG/builds/xtensa-esp32-elf --with-local-prefix=/builds/idf/crosstool-NG/builds/xtensa-esp32-elf/xtensa-esp32-elf --with-headers=/builds/idf/crosstool-NG/builds/xtensa-esp32-elf/xtensa-esp32-elf/include --with-newlib --enable-threads=no --disable-shared --with-pkgversion='crosstool-NG esp-2021r2-patch5' --disable-__cxa_atexit --enable-cxx-flags=-ffunction-sections --disable-libgomp --disable-libmudflap --disable-libmpx --disable-libssp --disable-libquadmath --disable-libquadmath-support --disable-libstdcxx-verbose --with-gmp=/builds/idf/crosstool-NG/.build/HOST-aarch64-linux-gnu/xtensa-esp32-elf/buildtools/complibs-host --with-mpfr=/builds/idf/crosstool-NG/.build/HOST-aarch64-linux-gnu/xtensa-esp32-elf/buildtools/complibs-host --with-mpc=/builds/idf/crosstool-NG/.build/HOST-aarch64-linux-gnu/xtensa-esp32-elf/buildtools/complibs-host --with-isl=/builds/idf/crosstool-NG/.build/HOST-aarch64-linux-gnu/xtensa-esp32-elf/buildtools/complibs-host --enable-lto --enable-target-optspace --without-long-double-128 --disable-nls --enable-multiarch --enable-languages=c,c++ --disable-libstdcxx-verbose --enable-threads=posix --enable-gcov-custom-rtio --enable-libstdcxx-time=yes
Thread model: posix
gcc version 8.4.0 (crosstool-NG esp-2021r2-patch5) 
COLLECT_GCC_OPTIONS='-mlongcalls' '-Wno-frame-address' '-v' '-o' 'CMakeFiles/cmTC_c3c6a.dir/CMakeCCompilerABI.c.obj' '-c'
 /home/sameergupta/.espressif/tools/xtensa-esp32-elf/esp-2021r2-patch5-8.4.0/xtensa-esp32-elf/bin/../libexec/gcc/xtensa-esp32-elf/8.4.0/cc1 -quiet -v -iprefix /home/sameergupta/.espressif/tools/xtensa-esp32-elf/esp-2021r2-patch5-8.4.0/xtensa-esp32-elf/bin/../lib/gcc/xtensa-esp32-elf/8.4.0/ /usr/share/cmake-3.16/Modules/CMakeCCompilerABI.c -quiet -dumpbase CMakeCCompilerABI.c -mlongcalls -auxbase-strip CMakeFiles/cmTC_c3c6a.dir/CMakeCCompilerABI.c.obj -Wno-frame-address -version -o /tmp/cc3Byu76.s
GNU C17 (crosstool-NG esp-2021r2-patch5) version 8.4.0 (xtensa-esp32-elf)
	compiled by GNU C version 6.3.0 20170516, GMP version 6.2.1, MPFR version 4.1.0, MPC version 1.2.1, isl version isl-0.19-GMP

GGC heuristics: --param ggc-min-expand=100 --param ggc-min-heapsize=131072
ignoring duplicate directory "/home/sameergupta/.espressif/tools/xtensa-esp32-elf/esp-2021r2-patch5-8.4.0/xtensa-esp32-elf/bin/../lib/gcc/../../lib/gcc/xtensa-esp32-elf/8.4.0/include"
ignoring duplicate directory "/home/sameergupta/.espressif/tools/xtensa-esp32-elf/esp-2021r2-patch5-8.4.0/xtensa-esp32-elf/bin/../lib/gcc/../../lib/gcc/xtensa-esp32-elf/8.4.0/include-fixed"
ignoring duplicate directory "/home/sameergupta/.espressif/tools/xtensa-esp32-elf/esp-2021r2-patch5-8.4.0/xtensa-esp32-elf/bin/../lib/gcc/../../lib/gcc/xtensa-esp32-elf/8.4.0/../../../../xtensa-esp32-elf/sys-include"
ignoring duplicate directory "/home/sameergupta/.espressif/tools/xtensa-esp32-elf/esp-2021r2-patch5-8.4.0/xtensa-esp32-elf/bin/../lib/gcc/../../lib/gcc/xtensa-esp32-elf/8.4.0/../../../../xtensa-esp32-elf/include"
#include "..." search starts here:
#include <...> search starts here:
 /home/sameergupta/.espressif/tools/xtensa-esp32-elf/esp-2021r2-patch5-8.4.0/xtensa-esp32-elf/bin/../lib/gcc/xtensa-esp32-elf/8.4.0/include
 /home/sameergupta/.espressif/tools/xtensa-esp32-elf/esp-2021r2-patch5-8.4.0/xtensa-esp32-elf/bin/../lib/gcc/xtensa-esp32-elf/8.4.0/include-fixed
 /home/sameergupta/.espressif/tools/xtensa-esp32-elf/esp-2021r2-patch5-8.4.0/xtensa-esp32-elf/bin/../lib/gcc/xtensa-esp32-elf/8.4.0/../../../../xtensa-esp32-elf/sys-include
 /home/sameergupta/.espressif/tools/xtensa-esp32-elf/esp-2021r2-patch5-8.4.0/xtensa-esp32-elf/bin/../lib/gcc/xtensa-esp32-elf/8.4.0/../../../../xtensa-esp32-elf/include
End of search list.
GNU C17 (crosstool-NG esp-2021r2-patch5) version 8.4.0 (xtensa-esp32-elf)
	compiled by GNU C version 6.3.0 20170516, GMP version 6.2.1, MPFR version 4.1.0, MPC version 1.2.1, isl version isl-0.19-GMP

GGC heuristics: --param ggc-min-expand=100 --param ggc-min-heapsize=131072
Compiler executable checksum: 97555727fa2b78cc41d0e660707c836a
COLLECT_GCC_OPTIONS='-mlongcalls' '-Wno-frame-address' '-v' '-o' 'CMakeFiles/cmTC_c3c6a.dir/CMakeCCompilerABI.c.obj' '-c'
 /home/sameergupta/.espressif/tools/xtensa-esp32-elf/esp-2021r2-patch5-8.4.0/xtensa-esp32-elf/bin/../lib/gcc/xtensa-esp32-elf/8.4.0/../../../../xtensa-esp32-elf/bin/as --traditional-format --longcalls -o CMakeFiles/cmTC_c3c6a.dir/CMakeCCompilerABI.c.obj /tmp/cc3Byu76.s
COMPILER_PATH=/home/sameergupta/.espressif/tools/xtensa-esp32-elf/esp-2021r2-patch5-8.4.0/xtensa-esp32-elf/bin/../libexec/gcc/xtensa-esp32-elf/8.4.0/:/home/sameergupta/.espressif/tools/xtensa-esp32-elf/esp-2021r2-patch5-8.4.0/xtensa-esp32-elf/bin/../libexec/gcc/:/home/sameergupta/.espressif/tools/xtensa-esp32-elf/esp-2021r2-patch5-8.4.0/xtensa-esp32-elf/bin/../lib/gcc/xtensa-esp32-elf/8.4.0/../../../../xtensa-esp32-elf/bin/
LIBRARY_PATH=/home/sameergupta/.espressif/tools/xtensa-esp32-elf/esp-2021r2-patch5-8.4.0/xtensa-esp32-elf/bin/../lib/gcc/xtensa-esp32-elf/8.4.0/:/home/sameergupta/.espressif/tools/xtensa-esp32-elf/esp-2021r2-patch5-8.4.0/xtensa-esp32-elf/bin/../lib/gcc/:/home/sameergupta/.espressif/tools/xtensa-esp32-elf/esp-2021r2-patch5-8.4.0/xtensa-esp32-elf/bin/../lib/gcc/xtensa-esp32-elf/8.4.0/../../../../xtensa-esp32-elf/lib/
COLLECT_GCC_OPTIONS='-mlongcalls' '-Wno-frame-address' '-v' '-o' 'CMakeFiles/cmTC_c3c6a.dir/CMakeCCompilerABI.c.obj' '-c'
[2/2] Linking C executable cmTC_c3c6a
Using built-in specs.
COLLECT_GCC=/home/sameergupta/.espressif/tools/xtensa-esp32-elf/esp-2021r2-patch5-8.4.0/xtensa-esp32-elf/bin/xtensa-esp32-elf-gcc
COLLECT_LTO_WRAPPER=/home/sameergupta/.espressif/tools/xtensa-esp32-elf/esp-2021r2-patch5-8.4.0/xtensa-esp32-elf/bin/../libexec/gcc/xtensa-esp32-elf/8.4.0/lto-wrapper
Target: xtensa-esp32-elf
Configured with: /builds/idf/crosstool-NG/.build/HOST-aarch64-linux-gnu/xtensa-esp32-elf/src/gcc/configure --build=x86_64-build_pc-linux-gnu --host=aarch64-host_unknown-linux-gnu --target=xtensa-esp32-elf --prefix=/builds/idf/crosstool-NG/builds/xtensa-esp32-elf --exec_prefix=/builds/idf/crosstool-NG/builds/xtensa-esp32-elf --with-local-prefix=/builds/idf/crosstool-NG/builds/xtensa-esp32-elf/xtensa-esp32-elf --with-headers=/builds/idf/crosstool-NG/builds/xtensa-esp32-elf/xtensa-esp32-elf/include --with-newlib --enable-threads=no --disable-shared --with-pkgversion='crosstool-NG esp-2021r2-patch5' --disable-__cxa_atexit --enable-cxx-flags=-ffunction-sections --disable-libgomp --disable-libmudflap --disable-libmpx --disable-libssp --disable-libquadmath --disable-libquadmath-support --disable-libstdcxx-verbose --with-gmp=/builds/idf/crosstool-NG/.build/HOST-aarch64-linux-gnu/xtensa-esp32-elf/buildtools/complibs-host --with-mpfr=/builds/idf/crosstool-NG/.build/HOST-aarch64-linux-gnu/xtensa-esp32-elf/buildtools/complibs-host --with-mpc=/builds/idf/crosstool-NG/.build/HOST-aarch64-linux-gnu/xtensa-esp32-elf/buildtools/complibs-host --with-isl=/builds/idf/crosstool-NG/.build/HOST-aarch64-linux-gnu/xtensa-esp32-elf/buildtools/complibs-host --enable-lto --enable-target-optspace --without-long-double-128 --disable-nls --enable-multiarch --enable-languages=c,c++ --disable-libstdcxx-verbose --enable-threads=posix --enable-gcov-custom-rtio --enable-libstdcxx-time=yes
Thread model: posix
gcc version 8.4.0 (crosstool-NG esp-2021r2-patch5) 
COMPILER_PATH=/home/sameergupta/.espressif/tools/xtensa-esp32-elf/esp-2021r2-patch5-8.4.0/xtensa-esp32-elf/bin/../libexec/gcc/xtensa-esp32-elf/8.4.0/:/home/sameergupta/.espressif/tools/xtensa-esp32-elf/esp-2021r2-patch5-8.4.0/xtensa-esp32-elf/bin/../libexec/gcc/:/home/sameergupta/.espressif/tools/xtensa-esp32-elf/esp-2021r2-patch5-8.4.0/xtensa-esp32-elf/bin/../lib/gcc/xtensa-esp32-elf/8.4.0/../../../../xtensa-esp32-elf/bin/
LIBRARY_PATH=/home/sameergupta/.espressif/tools/xtensa-esp32-elf/esp-2021r2-patch5-8.4.0/xtensa-esp32-elf/bin/../lib/gcc/xtensa-esp32-elf/8.4.0/:/home/sameergupta/.espressif/tools/xtensa-esp32-elf/esp-2021r2-patch5-8.4.0/xtensa-esp32-elf/bin/../lib/gcc/:/home/sameergupta/.espressif/tools/xtensa-esp32-elf/esp-2021r2-patch5-8.4.0/xtensa-esp32-elf/bin/../lib/gcc/xtensa-esp32-elf/8.4.0/../../../../xtensa-esp32-elf/lib/
COLLECT_GCC_OPTIONS='-mlongcalls' '-Wno-frame-address' '-v' '-o' 'cmTC_c3c6a'
 /home/sameergupta/.espressif/tools/xtensa-esp32-elf/esp-2021r2-patch5-8.4.0/xtensa-esp32-elf/bin/../libexec/gcc/xtensa-esp32-elf/8.4.0/collect2 -plugin /home/sameergupta/.espressif/tools/xtensa-esp32-elf/esp-2021r2-patch5-8.4.0/xtensa-esp32-elf/bin/../libexec/gcc/xtensa-esp32-elf/8.4.0/liblto_plugin.so -plugin-opt=/home/sameergupta/.espressif/tools/xtensa-esp32-elf/esp-2021r2-patch5-8.4.0/xtensa-esp32-elf/bin/../libexec/gcc/xtensa-esp32-elf/8.4.0/lto-wrapper -plugin-opt=-fresolution=/tmp/cccxij9m.res -plugin-opt=-pass-through=-lgcc -plugin-opt=-pass-through=-lc -plugin-opt=-pass-through=-lnosys -plugin-opt=-pass-through=-lc -plugin-opt=-pass-through=-lgcc -o cmTC_c3c6a /home/sameergupta/.espressif/tools/xtensa-esp32-elf/esp-2021r2-patch5-8.4.0/xtensa-esp32-elf/bin/../lib/gcc/xtensa-esp32-elf/8.4.0/../../../../xtensa-esp32-elf/lib/crt0.o /home/sameergupta/.espressif/tools/xtensa-esp32-elf/esp-2021r2-patch5-8.4.0/xtensa-esp32-elf/bin/../lib/gcc/xtensa-esp32-elf/8.4.0/crti.o /home/sameergupta/.espressif/tools/xtensa-esp32-elf/esp-2021r2-patch5-8.4.0/xtensa-esp32-elf/bin/../lib/gcc/xtensa-esp32-elf/8.4.0/crtbegin.o -L/home/sameergupta/.espressif/tools/xtensa-esp32-elf/esp-2021r2-patch5-8.4.0/xtensa-esp32-elf/bin/../lib/gcc/xtensa-esp32-elf/8.4.0 -L/home/sameergupta/.espressif/tools/xtensa-esp32-elf/esp-2021r2-patch5-8.4.0/xtensa-esp32-elf/bin/../lib/gcc -L/home/sameergupta/.espressif/tools/xtensa-esp32-elf/esp-2021r2-patch5-8.4.0/xtensa-esp32-elf/bin/../lib/gcc/xtensa-esp32-elf/8.4.0/../../../../xtensa-esp32-elf/lib CMakeFiles/cmTC_c3c6a.dir/CMakeCCompilerABI.c.obj -lgcc -lc -lnosys -lc -lgcc /home/sameergupta/.espressif/tools/xtensa-esp32-elf/esp-2021r2-patch5-8.4.0/xtensa-esp32-elf/bin/../lib/gcc/xtensa-esp32-elf/8.4.0/crtend.o /home/sameergupta/.espressif/tools/xtensa-esp32-elf/esp-2021r2-patch5-8.4.0/xtensa-esp32-elf/bin/../lib/gcc/xtensa-esp32-elf/8.4.0/crtn.o
COLLECT_GCC_OPTIONS='-mlongcalls' '-Wno-frame-address' '-v' '-o' 'cmTC_c3c6a'



Parsed C implicit include dir info from above output: rv=done
  found start of include info
  found start of implicit include info
    add: [/home/sameergupta/.espressif/tools/xtensa-esp32-elf/esp-2021r2-patch5-8.4.0/xtensa-esp32-elf/bin/../lib/gcc/xtensa-esp32-elf/8.4.0/include]
    add: [/home/sameergupta/.espressif/tools/xtensa-esp32-elf/esp-2021r2-patch5-8.4.0/xtensa-esp32-elf/bin/../lib/gcc/xtensa-esp32-elf/8.4.0/include-fixed]
    add: [/home/sameergupta/.espressif/tools/xtensa-esp32-elf/esp-2021r2-patch5-8.4.0/xtensa-esp32-elf/bin/../lib/gcc/xtensa-esp32-elf/8.4.0/../../../../xtensa-esp32-elf/sys-include]
    add: [/home/sameergupta/.espressif/tools/xtensa-esp32-elf/esp-2021r2-patch5-8.4.0/xtensa-esp32-elf/bin/../lib/gcc/xtensa-esp32-elf/8.4.0/../../../../xtensa-esp32-elf/include]
  end of search list found
  collapse include dir [/home/sameergupta/.espressif/tools/xtensa-esp32-elf/esp-2021r2-patch5-8.4.0/xtensa-esp32-elf/bin/../lib/gcc/xtensa-esp32-elf/8.4.0/include] ==> [/home/sameergupta/.espressif/tools/xtensa-esp32-elf/esp-2021r2-patch5-8.4.0/xtensa-esp32-elf/lib/gcc/xtensa-esp32-elf/8.4.0/include]
  collapse include dir [/home/sameergupta/.espressif/tools/xtensa-esp32-elf/esp-2021r2-patch5-8.4.0/xtensa-esp32-elf/bin/../lib/gcc/xtensa-esp32-elf/8.4.0/include-fixed] ==> [/home/sameergupta/.espressif/tools/xtensa-esp32-elf/esp-2021r2-patch5-8.4.0/xtensa-esp32-elf/lib/gcc/xtensa-esp32-elf/8.4.0/include-fixed]
  collapse include dir [/home/sameergupta/.espressif/tools/xtensa-esp32-elf/esp-2021r2-patch5-8.4.0/xtensa-esp32-elf/bin/../lib/gcc/xtensa-esp32-elf/8.4.0/../../../../xtensa-esp32-elf/sys-include] ==> [/home/sameergupta/.espressif/tools/xtensa-esp32-elf/esp-2021r2-patch5-8.4.0/xtensa-esp32-elf/xtensa-esp32-elf/sys-include]
  collapse include dir [/home/sameergupta/.espressif/tools/xtensa-esp32-elf/esp-2021r2-patch5-8.4.0/xtensa-esp32-elf/bin/../lib/gcc/xtensa-esp32-elf/8.4.0/../../../../xtensa-esp32-elf/include] ==> [/home/sameergupta/.espressif/tools/xtensa-esp32-elf/esp-2021r2-patch5-8.4.0/xtensa-esp32-elf/xtensa-esp32-elf/include]
  implicit include dirs: [/home/sameergupta/.espressif/tools/xtensa-esp32-elf/esp-2021r2-patch5-8.4.0/xtensa-esp32-elf/lib/gcc/xtensa-esp32-elf/8.4.0/include;/home/sameergupta/.espressif/tools/xtensa-esp32-elf/esp-2021r2-patch5-8.4.0/xtensa-esp32-elf/lib/gcc/xtensa-esp32-elf/8.4.0/include-fixed;/home/sameergupta/.espressif/tools/xtensa-esp32-elf/esp-2021r2-patch5-8.4.0/xtensa-esp32-elf/xtensa-esp32-elf/sys-include;/home/sameergupta/.espressif/tools/xtensa-esp32-elf/esp-2021r2-patch5-8.4.0/xtensa-esp32-elf/xtensa-esp32-elf/include]


Parsed C implicit link information from above output:
  link line regex: [^( *|.*[/\])(xtensa-esp32-elf-ld|CMAKE_LINK_STARTFILE-NOTFOUND|([^/\]+-)?ld|collect2)[^/\]*( |$)]
  ignore line: [Change Dir: /home/sameergupta/e-Yantra-HolA-Bot/task_five/build/bootloader/CMakeFiles/CMakeTmp]
  ignore line: []
  ignore line: [Run Build Command(s):/usr/bin/ninja cmTC_c3c6a && [1/2] Building C object CMakeFiles/cmTC_c3c6a.dir/CMakeCCompilerABI.c.obj]
  ignore line: [Using built-in specs.]
  ignore line: [COLLECT_GCC=/home/sameergupta/.espressif/tools/xtensa-esp32-elf/esp-2021r2-patch5-8.4.0/xtensa-esp32-elf/bin/xtensa-esp32-elf-gcc]
  ignore line: [Target: xtensa-esp32-elf]
  ignore line: [Configured with: /builds/idf/crosstool-NG/.build/HOST-aarch64-linux-gnu/xtensa-esp32-elf/src/gcc/configure --build=x86_64-build_pc-linux-gnu --host=aarch64-host_unknown-linux-gnu --target=xtensa-esp32-elf --prefix=/builds/idf/crosstool-NG/builds/xtensa-esp32-elf --exec_prefix=/builds/idf/crosstool-NG/builds/xtensa-esp32-elf --with-local-prefix=/builds/idf/crosstool-NG/builds/xtensa-esp32-elf/xtensa-esp32-elf --with-headers=/builds/idf/crosstool-NG/builds/xtensa-esp32-elf/xtensa-esp32-elf/include --with-newlib --enable-threads=no --disable-shared --with-pkgversion='crosstool-NG esp-2021r2-patch5' --disable-__cxa_atexit --enable-cxx-flags=-ffunction-sections --disable-libgomp --disable-libmudflap --disable-libmpx --disable-libssp --disable-libquadmath --disable-libquadmath-support --disable-libstdcxx-verbose --with-gmp=/builds/idf/crosstool-NG/.build/HOST-aarch64-linux-gnu/xtensa-esp32-elf/buildtools/complibs-host --with-mpfr=/builds/idf/crosstool-NG/.build/HOST-aarch64-linux-gnu/xtensa-esp32-elf/buildtools/complibs-host --with-mpc=/builds/idf/crosstool-NG/.build/HOST-aarch64-linux-gnu/xtensa-esp32-elf/buildtools/complibs-host --with-isl=/builds/idf/crosstool-NG/.build/HOST-aarch64-linux-gnu/xtensa-esp32-elf/buildtools/complibs-host --enable-lto --enable-target-optspace --without-long-double-128 --disable-nls --enable-multiarch --enable-languages=c c++ --disable-libstdcxx-verbose --enable-threads=posix --enable-gcov-custom-rtio --enable-libstdcxx-time=yes]
  ignore line: [Thread model: posix]
  ignore line: [gcc version 8.4.0 (crosstool-NG esp-2021r2-patch5) ]
  ignore line: [COLLECT_GCC_OPTIONS='-mlongcalls' '-Wno-frame-address' '-v' '-o' 'CMakeFiles/cmTC_c3c6a.dir/CMakeCCompilerABI.c.obj' '-c']
  ignore line: [ /home/sameergupta/.espressif/tools/xtensa-esp32-elf/esp-2021r2-patch5-8.4.0/xtensa-esp32-elf/bin/../libexec/gcc/xtensa-esp32-elf/8.4.0/cc1 -quiet -v -iprefix /home/sameergupta/.espressif/tools/xtensa-esp32-elf/esp-2021r2-patch5-8.4.0/xtensa-esp32-elf/bin/../lib/gcc/xtensa-esp32-elf/8.4.0/ /usr/share/cmake-3.16/Modules/CMakeCCompilerABI.c -quiet -dumpbase CMakeCCompilerABI.c -mlongcalls -auxbase-strip CMakeFiles/cmTC_c3c6a.dir/CMakeCCompilerABI.c.obj -Wno-frame-address -version -o /tmp/cc3Byu76.s]
  ignore line: [GNU C17 (crosstool-NG esp-2021r2-patch5) version 8.4.0 (xtensa-esp32-elf)]
  ignore line: [	compiled by GNU C version 6.3.0 20170516  GMP version 6.2.1  MPFR version 4.1.0  MPC version 1.2.1  isl version isl-0.19-GMP]
  ignore line: []
  ignore line: [GGC heuristics: --param ggc-min-expand=100 --param ggc-min-heapsize=131072]
  ignore line: [ignoring duplicate directory "/home/sameergupta/.espressif/tools/xtensa-esp32-elf/esp-2021r2-patch5-8.4.0/xtensa-esp32-elf/bin/../lib/gcc/../../lib/gcc/xtensa-esp32-elf/8.4.0/include"]
  ignore line: [ignoring duplicate directory "/home/sameergupta/.espressif/tools/xtensa-esp32-elf/esp-2021r2-patch5-8.4.0/xtensa-esp32-elf/bin/../lib/gcc/../../lib/gcc/xtensa-esp32-elf/8.4.0/include-fixed"]
  ignore line: [ignoring duplicate directory "/home/sameergupta/.espressif/tools/xtensa-esp32-elf/esp-2021r2-patch5-8.4.0/xtensa-esp32-elf/bin/../lib/gcc/../../lib/gcc/xtensa-esp32-elf/8.4.0/../../../../xtensa-esp32-elf/sys-include"]
  ignore line: [ignoring duplicate directory "/home/sameergupta/.espressif/tools/xtensa-esp32-elf/esp-2021r2-patch5-8.4.0/xtensa-esp32-elf/bin/../lib/gcc/../../lib/gcc/xtensa-esp32-elf/8.4.0/../../../../xtensa-esp32-elf/include"]
  ignore line: [#include "..." search starts here:]
  ignore line: [#include <...> search starts here:]
  ignore line: [ /home/sameergupta/.espressif/tools/xtensa-esp32-elf/esp-2021r2-patch5-8.4.0/xtensa-esp32-elf/bin/../lib/gcc/xtensa-esp32-elf/8.4.0/include]
  ignore line: [ /home/sameergupta/.espressif/tools/xtensa-esp32-elf/esp-2021r2-patch5-8.4.0/xtensa-esp32-elf/bin/../lib/gcc/xtensa-esp32-elf/8.4.0/include-fixed]
  ignore line: [ /home/sameergupta/.espressif/tools/xtensa-esp32-elf/esp-2021r2-patch5-8.4.0/xtensa-esp32-elf/bin/../lib/gcc/xtensa-esp32-elf/8.4.0/../../../../xtensa-esp32-elf/sys-include]
  ignore line: [ /home/sameergupta/.espressif/tools/xtensa-esp32-elf/esp-2021r2-patch5-8.4.0/xtensa-esp32-elf/bin/../lib/gcc/xtensa-esp32-elf/8.4.0/../../../../xtensa-esp32-elf/include]
  ignore line: [End of search list.]
  ignore line: [GNU C17 (crosstool-NG esp-2021r2-patch5) version 8.4.0 (xtensa-esp32-elf)]
  ignore line: [	compiled by GNU C version 6.3.0 20170516  GMP version 6.2.1  MPFR version 4.1.0  MPC version 1.2.1  isl version isl-0.19-GMP]
  ignore line: []
  ignore line: [GGC heuristics: --param ggc-min-expand=100 --param ggc-min-heapsize=131072]
  ignore line: [Compiler executable checksum: 97555727fa2b78cc41d0e660707c836a]
  ignore line: [COLLECT_GCC_OPTIONS='-mlongcalls' '-Wno-frame-address' '-v' '-o' 'CMakeFiles/cmTC_c3c6a.dir/CMakeCCompilerABI.c.obj' '-c']
  ignore line: [ /home/sameergupta/.espressif/tools/xtensa-esp32-elf/esp-2021r2-patch5-8.4.0/xtensa-esp32-elf/bin/../lib/gcc/xtensa-esp32-elf/8.4.0/../../../../xtensa-esp32-elf/bin/as --traditional-format --longcalls -o CMakeFiles/cmTC_c3c6a.dir/CMakeCCompilerABI.c.obj /tmp/cc3Byu76.s]
  ignore line: [COMPILER_PATH=/home/sameergupta/.espressif/tools/xtensa-esp32-elf/esp-2021r2-patch5-8.4.0/xtensa-esp32-elf/bin/../libexec/gcc/xtensa-esp32-elf/8.4.0/:/home/sameergupta/.espressif/tools/xtensa-esp32-elf/esp-2021r2-patch5-8.4.0/xtensa-esp32-elf/bin/../libexec/gcc/:/home/sameergupta/.espressif/tools/xtensa-esp32-elf/esp-2021r2-patch5-8.4.0/xtensa-esp32-elf/bin/../lib/gcc/xtensa-esp32-elf/8.4.0/../../../../xtensa-esp32-elf/bin/]
  ignore line: [LIBRARY_PATH=/home/sameergupta/.espressif/tools/xtensa-esp32-elf/esp-2021r2-patch5-8.4.0/xtensa-esp32-elf/bin/../lib/gcc/xtensa-esp32-elf/8.4.0/:/home/sameergupta/.espressif/tools/xtensa-esp32-elf/esp-2021r2-patch5-8.4.0/xtensa-esp32-elf/bin/../lib/gcc/:/home/sameergupta/.espressif/tools/xtensa-esp32-elf/esp-2021r2-patch5-8.4.0/xtensa-esp32-elf/bin/../lib/gcc/xtensa-esp32-elf/8.4.0/../../../../xtensa-esp32-elf/lib/]
  ignore line: [COLLECT_GCC_OPTIONS='-mlongcalls' '-Wno-frame-address' '-v' '-o' 'CMakeFiles/cmTC_c3c6a.dir/CMakeCCompilerABI.c.obj' '-c']
  ignore line: [[2/2] Linking C executable cmTC_c3c6a]
  ignore line: [Using built-in specs.]
  ignore line: [COLLECT_GCC=/home/sameergupta/.espressif/tools/xtensa-esp32-elf/esp-2021r2-patch5-8.4.0/xtensa-esp32-elf/bin/xtensa-esp32-elf-gcc]
  ignore line: [COLLECT_LTO_WRAPPER=/home/sameergupta/.espressif/tools/xtensa-esp32-elf/esp-2021r2-patch5-8.4.0/xtensa-esp32-elf/bin/../libexec/gcc/xtensa-esp32-elf/8.4.0/lto-wrapper]
  ignore line: [Target: xtensa-esp32-elf]
  ignore line: [Configured with: /builds/idf/crosstool-NG/.build/HOST-aarch64-linux-gnu/xtensa-esp32-elf/src/gcc/configure --build=x86_64-build_pc-linux-gnu --host=aarch64-host_unknown-linux-gnu --target=xtensa-esp32-elf --prefix=/builds/idf/crosstool-NG/builds/xtensa-esp32-elf --exec_prefix=/builds/idf/crosstool-NG/builds/xtensa-esp32-elf --with-local-prefix=/builds/idf/crosstool-NG/builds/xtensa-esp32-elf/xtensa-esp32-elf --with-headers=/builds/idf/crosstool-NG/builds/xtensa-esp32-elf/xtensa-esp32-elf/include --with-newlib --enable-threads=no --disable-shared --with-pkgversion='crosstool-NG esp-2021r2-patch5' --disable-__cxa_atexit --enable-cxx-flags=-ffunction-sections --disable-libgomp --disable-libmudflap --disable-libmpx --disable-libssp --disable-libquadmath --disable-libquadmath-support --disable-libstdcxx-verbose --with-gmp=/builds/idf/crosstool-NG/.build/HOST-aarch64-linux-gnu/xtensa-esp32-elf/buildtools/complibs-host --with-mpfr=/builds/idf/crosstool-NG/.build/HOST-aarch64-linux-gnu/xtensa-esp32-elf/buildtools/complibs-host --with-mpc=/builds/idf/crosstool-NG/.build/HOST-aarch64-linux-gnu/xtensa-esp32-elf/buildtools/complibs-host --with-isl=/builds/idf/crosstool-NG/.build/HOST-aarch64-linux-gnu/xtensa-esp32-elf/buildtools/complibs-host --enable-lto --enable-target-optspace --without-long-double-128 --disable-nls --enable-multiarch --enable-languages=c c++ --disable-libstdcxx-verbose --enable-threads=posix --enable-gcov-custom-rtio --enable-libstdcxx-time=yes]
  ignore line: [Thread model: posix]
  ignore line: [gcc version 8.4.0 (crosstool-NG esp-2021r2-patch5) ]
  ignore line: [COMPILER_PATH=/home/sameergupta/.espressif/tools/xtensa-esp32-elf/esp-2021r2-patch5-8.4.0/xtensa-esp32-elf/bin/../libexec/gcc/xtensa-esp32-elf/8.4.0/:/home/sameergupta/.espressif/tools/xtensa-esp32-elf/esp-2021r2-patch5-8.4.0/xtensa-esp32-elf/bin/../libexec/gcc/:/home/sameergupta/.espressif/tools/xtensa-esp32-elf/esp-2021r2-patch5-8.4.0/xtensa-esp32-elf/bin/../lib/gcc/xtensa-esp32-elf/8.4.0/../../../../xtensa-esp32-elf/bin/]
  ignore line: [LIBRARY_PATH=/home/sameergupta/.espressif/tools/xtensa-esp32-elf/esp-2021r2-patch5-8.4.0/xtensa-esp32-elf/bin/../lib/gcc/xtensa-esp32-elf/8.4.0/:/home/sameergupta/.espressif/tools/xtensa-esp32-elf/esp-2021r2-patch5-8.4.0/xtensa-esp32-elf/bin/../lib/gcc/:/home/sameergupta/.espressif/tools/xtensa-esp32-elf/esp-2021r2-patch5-8.4.0/xtensa-esp32-elf/bin/../lib/gcc/xtensa-esp32-elf/8.4.0/../../../../xtensa-esp32-elf/lib/]
  ignore line: [COLLECT_GCC_OPTIONS='-mlongcalls' '-Wno-frame-address' '-v' '-o' 'cmTC_c3c6a']
  link line: [ /home/sameergupta/.espressif/tools/xtensa-esp32-elf/esp-2021r2-patch5-8.4.0/xtensa-esp32-elf/bin/../libexec/gcc/xtensa-esp32-elf/8.4.0/collect2 -plugin /home/sameergupta/.espressif/tools/xtensa-esp32-elf/esp-2021r2-patch5-8.4.0/xtensa-esp32-elf/bin/../libexec/gcc/xtensa-esp32-elf/8.4.0/liblto_plugin.so -plugin-opt=/home/sameergupta/.espressif/tools/xtensa-esp32-elf/esp-2021r2-patch5-8.4.0/xtensa-esp32-elf/bin/../libexec/gcc/xtensa-esp32-elf/8.4.0/lto-wrapper -plugin-opt=-fresolution=/tmp/cccxij9m.res -plugin-opt=-pass-through=-lgcc -plugin-opt=-pass-through=-lc -plugin-opt=-pass-through=-lnosys -plugin-opt=-pass-through=-lc -plugin-opt=-pass-through=-lgcc -o cmTC_c3c6a /home/sameergupta/.espressif/tools/xtensa-esp32-elf/esp-2021r2-patch5-8.4.0/xtensa-esp32-elf/bin/../lib/gcc/xtensa-esp32-elf/8.4.0/../../../../xtensa-esp32-elf/lib/crt0.o /home/sameergupta/.espressif/tools/xtensa-esp32-elf/esp-2021r2-patch5-8.4.0/xtensa-esp32-elf/bin/../lib/gcc/xtensa-esp32-elf/8.4.0/crti.o /home/sameergupta/.espressif/tools/xtensa-esp32-elf/esp-2021r2-patch5-8.4.0/xtensa-esp32-elf/bin/../lib/gcc/xtensa-esp32-elf/8.4.0/crtbegin.o -L/home/sameergupta/.espressif/tools/xtensa-esp32-elf/esp-2021r2-patch5-8.4.0/xtensa-esp32-elf/bin/../lib/gcc/xtensa-esp32-elf/8.4.0 -L/home/sameergupta/.espressif/tools/xtensa-esp32-elf/esp-2021r2-patch5-8.4.0/xtensa-esp32-elf/bin/../lib/gcc -L/home/sameergupta/.espressif/tools/xtensa-esp32-elf/esp-2021r2-patch5-8.4.0/xtensa-esp32-elf/bin/../lib/gcc/xtensa-esp32-elf/8.4.0/../../../../xtensa-esp32-elf/lib CMakeFiles/cmTC_c3c6a.dir/CMakeCCompilerABI.c.obj -lgcc -lc -lnosys -lc -lgcc /home/sameergupta/.espressif/tools/xtensa-esp32-elf/esp-2021r2-patch5-8.4.0/xtensa-esp32-elf/bin/../lib/gcc/xtensa-esp32-elf/8.4.0/crtend.o /home/sameergupta/.espressif/tools/xtensa-esp32-elf/esp-2021r2-patch5-8.4.0/xtensa-esp32-elf/bin/../lib/gcc/xtensa-esp32-elf/8.4.0/crtn.o]
    arg [/home/sameergupta/.espressif/tools/xtensa-esp32-elf/esp-2021r2-patch5-8.4.0/xtensa-esp32-elf/bin/../libexec/gcc/xtensa-esp32-elf/8.4.0/collect2] ==> ignore
    arg [-plugin] ==> ignore
    arg [/home/sameergupta/.espressif/tools/xtensa-esp32-elf/esp-2021r2-patch5-8.4.0/xtensa-esp32-elf/bin/../libexec/gcc/xtensa-esp32-elf/8.4.0/liblto_plugin.so] ==> ignore
    arg [-plugin-opt=/home/sameergupta/.espressif/tools/xtensa-esp32-elf/esp-2021r2-patch5-8.4.0/xtensa-esp32-elf/bin/../libexec/gcc/xtensa-esp32-elf/8.4.0/lto-wrapper] ==> ignore
    arg [-plugin-opt=-fresolution=/tmp/cccxij9m.res] ==> ignore
    arg [-plugin-opt=-pass-through=-lgcc] ==> ignore
    arg [-plugin-opt=-pass-through=-lc] ==> ignore
    arg [-plugin-opt=-pass-through=-lnosys] ==> ignore
    arg [-plugin-opt=-pass-through=-lc] ==> ignore
    arg [-plugin-opt=-pass-through=-lgcc] ==> ignore
    arg [-o] ==> ignore
    arg [cmTC_c3c6a] ==> ignore
    arg [/home/sameergupta/.espressif/tools/xtensa-esp32-elf/esp-2021r2-patch5-8.4.0/xtensa-esp32-elf/bin/../lib/gcc/xtensa-esp32-elf/8.4.0/../../../../xtensa-esp32-elf/lib/crt0.o] ==> ignore
    arg [/home/sameergupta/.espressif/tools/xtensa-esp32-elf/esp-2021r2-patch5-8.4.0/xtensa-esp32-elf/bin/../lib/gcc/xtensa-esp32-elf/8.4.0/crti.o] ==> ignore
    arg [/home/sameergupta/.espressif/tools/xtensa-esp32-elf/esp-2021r2-patch5-8.4.0/xtensa-esp32-elf/bin/../lib/gcc/xtensa-esp32-elf/8.4.0/crtbegin.o] ==> ignore
    arg [-L/home/sameergupta/.espressif/tools/xtensa-esp32-elf/esp-2021r2-patch5-8.4.0/xtensa-esp32-elf/bin/../lib/gcc/xtensa-esp32-elf/8.4.0] ==> dir [/home/sameergupta/.espressif/tools/xtensa-esp32-elf/esp-2021r2-patch5-8.4.0/xtensa-esp32-elf/bin/../lib/gcc/xtensa-esp32-elf/8.4.0]
    arg [-L/home/sameergupta/.espressif/tools/xtensa-esp32-elf/esp-2021r2-patch5-8.4.0/xtensa-esp32-elf/bin/../lib/gcc] ==> dir [/home/sameergupta/.espressif/tools/xtensa-esp32-elf/esp-2021r2-patch5-8.4.0/xtensa-esp32-elf/bin/../lib/gcc]
    arg [-L/home/sameergupta/.espressif/tools/xtensa-esp32-elf/esp-2021r2-patch5-8.4.0/xtensa-esp32-elf/bin/../lib/gcc/xtensa-esp32-elf/8.4.0/../../../../xtensa-esp32-elf/lib] ==> dir [/home/sameergupta/.espressif/tools/xtensa-esp32-elf/esp-2021r2-patch5-8.4.0/xtensa-esp32-elf/bin/../lib/gcc/xtensa-esp32-elf/8.4.0/../../../../xtensa-esp32-elf/lib]
    arg [CMakeFiles/cmTC_c3c6a.dir/CMakeCCompilerABI.c.obj] ==> ignore
    arg [-lgcc] ==> lib [gcc]
    arg [-lc] ==> lib [c]
    arg [-lnosys] ==> lib [nosys]
    arg [-lc] ==> lib [c]
    arg [-lgcc] ==> lib [gcc]
    arg [/home/sameergupta/.espressif/tools/xtensa-esp32-elf/esp-2021r2-patch5-8.4.0/xtensa-esp32-elf/bin/../lib/gcc/xtensa-esp32-elf/8.4.0/crtend.o] ==> ignore
    arg [/home/sameergupta/.espressif/tools/xtensa-esp32-elf/esp-2021r2-patch5-8.4.0/xtensa-esp32-elf/bin/../lib/gcc/xtensa-esp32-elf/8.4.0/crtn.o] ==> ignore
  collapse library dir [/home/sameergupta/.espressif/tools/xtensa-esp32-elf/esp-2021r2-patch5-8.4.0/xtensa-esp32-elf/bin/../lib/gcc/xtensa-esp32-elf/8.4.0] ==> [/home/sameergupta/.espressif/tools/xtensa-esp32-elf/esp-2021r2-patch5-8.4.0/xtensa-esp32-elf/lib/gcc/xtensa-esp32-elf/8.4.0]
  collapse library dir [/home/sameergupta/.espressif/tools/xtensa-esp32-elf/esp-2021r2-patch5-8.4.0/xtensa-esp32-elf/bin/../lib/gcc] ==> [/home/sameergupta/.espressif/tools/xtensa-esp32-elf/esp-2021r2-patch5-8.4.0/xtensa-esp32-elf/lib/gcc]
  collapse library dir [/home/sameergupta/.espressif/tools/xtensa-esp32-elf/esp-2021r2-patch5-8.4.0/xtensa-esp32-elf/bin/../lib/gcc/xtensa-esp32-elf/8.4.0/../../../../xtensa-esp32-elf/lib] ==> [/home/sameergupta/.espressif/tools/xtensa-esp32-elf/esp-2021r2-patch5-8.4.0/xtensa-esp32-elf/xtensa-esp32-elf/lib]
  implicit libs: [gcc;c;nosys;c;gcc]
  implicit dirs: [/home/sameergupta/.espressif/tools/xtensa-esp32-elf/esp-2021r2-patch5-8.4.0/xtensa-esp32-elf/lib/gcc/xtensa-esp32-elf/8.4.0;/home/sameergupta/.espressif/tools/xtensa-esp32-elf/esp-2021r2-patch5-8.4.0/xtensa-esp32-elf/lib/gcc;/home/sameergupta/.espressif/tools/xtensa-esp32-elf/esp-2021r2-patch5-8.4.0/xtensa-esp32-elf/xtensa-esp32-elf/lib]
  implicit fwks: []


Determining if the CXX compiler works passed with the following output:
Change Dir: /home/sameergupta/e-Yantra-HolA-Bot/task_five/build/bootloader/CMakeFiles/CMakeTmp

Run Build Command(s):/usr/bin/ninja cmTC_80435 && [1/2] Building CXX object CMakeFiles/cmTC_80435.dir/testCXXCompiler.cxx.obj
[2/2] Linking CXX executable cmTC_80435



Detecting CXX compiler ABI info compiled with the following output:
Change Dir: /home/sameergupta/e-Yantra-HolA-Bot/task_five/build/bootloader/CMakeFiles/CMakeTmp

Run Build Command(s):/usr/bin/ninja cmTC_85a5a && [1/2] Building CXX object CMakeFiles/cmTC_85a5a.dir/CMakeCXXCompilerABI.cpp.obj
Using built-in specs.
COLLECT_GCC=/home/sameergupta/.espressif/tools/xtensa-esp32-elf/esp-2021r2-patch5-8.4.0/xtensa-esp32-elf/bin/xtensa-esp32-elf-g++
Target: xtensa-esp32-elf
Configured with: /builds/idf/crosstool-NG/.build/HOST-aarch64-linux-gnu/xtensa-esp32-elf/src/gcc/configure --build=x86_64-build_pc-linux-gnu --host=aarch64-host_unknown-linux-gnu --target=xtensa-esp32-elf --prefix=/builds/idf/crosstool-NG/builds/xtensa-esp32-elf --exec_prefix=/builds/idf/crosstool-NG/builds/xtensa-esp32-elf --with-local-prefix=/builds/idf/crosstool-NG/builds/xtensa-esp32-elf/xtensa-esp32-elf --with-headers=/builds/idf/crosstool-NG/builds/xtensa-esp32-elf/xtensa-esp32-elf/include --with-newlib --enable-threads=no --disable-shared --with-pkgversion='crosstool-NG esp-2021r2-patch5' --disable-__cxa_atexit --enable-cxx-flags=-ffunction-sections --disable-libgomp --disable-libmudflap --disable-libmpx --disable-libssp --disable-libquadmath --disable-libquadmath-support --disable-libstdcxx-verbose --with-gmp=/builds/idf/crosstool-NG/.build/HOST-aarch64-linux-gnu/xtensa-esp32-elf/buildtools/complibs-host --with-mpfr=/builds/idf/crosstool-NG/.build/HOST-aarch64-linux-gnu/xtensa-esp32-elf/buildtools/complibs-host --with-mpc=/builds/idf/crosstool-NG/.build/HOST-aarch64-linux-gnu/xtensa-esp32-elf/buildtools/complibs-host --with-isl=/builds/idf/crosstool-NG/.build/HOST-aarch64-linux-gnu/xtensa-esp32-elf/buildtools/complibs-host --enable-lto --enable-target-optspace --without-long-double-128 --disable-nls --enable-multiarch --enable-languages=c,c++ --disable-libstdcxx-verbose --enable-threads=posix --enable-gcov-custom-rtio --enable-libstdcxx-time=yes
Thread model: posix
gcc version 8.4.0 (crosstool-NG esp-2021r2-patch5) 
COLLECT_GCC_OPTIONS='-mlongcalls' '-Wno-frame-address' '-v' '-o' 'CMakeFiles/cmTC_85a5a.dir/CMakeCXXCompilerABI.cpp.obj' '-c'
 /home/sameergupta/.espressif/tools/xtensa-esp32-elf/esp-2021r2-patch5-8.4.0/xtensa-esp32-elf/bin/../libexec/gcc/xtensa-esp32-elf/8.4.0/cc1plus -quiet -v -iprefix /home/sameergupta/.espressif/tools/xtensa-esp32-elf/esp-2021r2-patch5-8.4.0/xtensa-esp32-elf/bin/../lib/gcc/xtensa-esp32-elf/8.4.0/ /usr/share/cmake-3.16/Modules/CMakeCXXCompilerABI.cpp -quiet -dumpbase CMakeCXXCompilerABI.cpp -mlongcalls -auxbase-strip CMakeFiles/cmTC_85a5a.dir/CMakeCXXCompilerABI.cpp.obj -Wno-frame-address -version -o /tmp/ccd43vwM.s
GNU C++14 (crosstool-NG esp-2021r2-patch5) version 8.4.0 (xtensa-esp32-elf)
	compiled by GNU C version 6.3.0 20170516, GMP version 6.2.1, MPFR version 4.1.0, MPC version 1.2.1, isl version isl-0.19-GMP

GGC heuristics: --param ggc-min-expand=100 --param ggc-min-heapsize=131072
ignoring duplicate directory "/home/sameergupta/.espressif/tools/xtensa-esp32-elf/esp-2021r2-patch5-8.4.0/xtensa-esp32-elf/bin/../lib/gcc/../../lib/gcc/xtensa-esp32-elf/8.4.0/../../../../xtensa-esp32-elf/include/c++/8.4.0"
ignoring duplicate directory "/home/sameergupta/.espressif/tools/xtensa-esp32-elf/esp-2021r2-patch5-8.4.0/xtensa-esp32-elf/bin/../lib/gcc/../../lib/gcc/xtensa-esp32-elf/8.4.0/../../../../xtensa-esp32-elf/include/c++/8.4.0/xtensa-esp32-elf"
ignoring duplicate directory "/home/sameergupta/.espressif/tools/xtensa-esp32-elf/esp-2021r2-patch5-8.4.0/xtensa-esp32-elf/bin/../lib/gcc/../../lib/gcc/xtensa-esp32-elf/8.4.0/../../../../xtensa-esp32-elf/include/c++/8.4.0/backward"
ignoring duplicate directory "/home/sameergupta/.espressif/tools/xtensa-esp32-elf/esp-2021r2-patch5-8.4.0/xtensa-esp32-elf/bin/../lib/gcc/../../lib/gcc/xtensa-esp32-elf/8.4.0/include"
ignoring duplicate directory "/home/sameergupta/.espressif/tools/xtensa-esp32-elf/esp-2021r2-patch5-8.4.0/xtensa-esp32-elf/bin/../lib/gcc/../../lib/gcc/xtensa-esp32-elf/8.4.0/include-fixed"
ignoring duplicate directory "/home/sameergupta/.espressif/tools/xtensa-esp32-elf/esp-2021r2-patch5-8.4.0/xtensa-esp32-elf/bin/../lib/gcc/../../lib/gcc/xtensa-esp32-elf/8.4.0/../../../../xtensa-esp32-elf/sys-include"
ignoring duplicate directory "/home/sameergupta/.espressif/tools/xtensa-esp32-elf/esp-2021r2-patch5-8.4.0/xtensa-esp32-elf/bin/../lib/gcc/../../lib/gcc/xtensa-esp32-elf/8.4.0/../../../../xtensa-esp32-elf/include"
#include "..." search starts here:
#include <...> search starts here:
 /home/sameergupta/.espressif/tools/xtensa-esp32-elf/esp-2021r2-patch5-8.4.0/xtensa-esp32-elf/bin/../lib/gcc/xtensa-esp32-elf/8.4.0/../../../../xtensa-esp32-elf/include/c++/8.4.0
 /home/sameergupta/.espressif/tools/xtensa-esp32-elf/esp-2021r2-patch5-8.4.0/xtensa-esp32-elf/bin/../lib/gcc/xtensa-esp32-elf/8.4.0/../../../../xtensa-esp32-elf/include/c++/8.4.0/xtensa-esp32-elf
 /home/sameergupta/.espressif/tools/xtensa-esp32-elf/esp-2021r2-patch5-8.4.0/xtensa-esp32-elf/bin/../lib/gcc/xtensa-esp32-elf/8.4.0/../../../../xtensa-esp32-elf/include/c++/8.4.0/backward
 /home/sameergupta/.espressif/tools/xtensa-esp32-elf/esp-2021r2-patch5-8.4.0/xtensa-esp32-elf/bin/../lib/gcc/xtensa-esp32-elf/8.4.0/include
 /home/sameergupta/.espressif/tools/xtensa-esp32-elf/esp-2021r2-patch5-8.4.0/xtensa-esp32-elf/bin/../lib/gcc/xtensa-esp32-elf/8.4.0/include-fixed
 /home/sameergupta/.espressif/tools/xtensa-esp32-elf/esp-2021r2-patch5-8.4.0/xtensa-esp32-elf/bin/../lib/gcc/xtensa-esp32-elf/8.4.0/../../../../xtensa-esp32-elf/sys-include
 /home/sameergupta/.espressif/tools/xtensa-esp32-elf/esp-2021r2-patch5-8.4.0/xtensa-esp32-elf/bin/../lib/gcc/xtensa-esp32-elf/8.4.0/../../../../xtensa-esp32-elf/include
End of search list.
GNU C++14 (crosstool-NG esp-2021r2-patch5) version 8.4.0 (xtensa-esp32-elf)
	compiled by GNU C version 6.3.0 20170516, GMP version 6.2.1, MPFR version 4.1.0, MPC version 1.2.1, isl version isl-0.19-GMP

GGC heuristics: --param ggc-min-expand=100 --param ggc-min-heapsize=131072
Compiler executable checksum: 73fbf11aa23c83e45ff2a40cf521ba8a
COLLECT_GCC_OPTIONS='-mlongcalls' '-Wno-frame-address' '-v' '-o' 'CMakeFiles/cmTC_85a5a.dir/CMakeCXXCompilerABI.cpp.obj' '-c'
 /home/sameergupta/.espressif/tools/xtensa-esp32-elf/esp-2021r2-patch5-8.4.0/xtensa-esp32-elf/bin/../lib/gcc/xtensa-esp32-elf/8.4.0/../../../../xtensa-esp32-elf/bin/as --traditional-format --longcalls -o CMakeFiles/cmTC_85a5a.dir/CMakeCXXCompilerABI.cpp.obj /tmp/ccd43vwM.s
COMPILER_PATH=/home/sameergupta/.espressif/tools/xtensa-esp32-elf/esp-2021r2-patch5-8.4.0/xtensa-esp32-elf/bin/../libexec/gcc/xtensa-esp32-elf/8.4.0/:/home/sameergupta/.espressif/tools/xtensa-esp32-elf/esp-2021r2-patch5-8.4.0/xtensa-esp32-elf/bin/../libexec/gcc/:/home/sameergupta/.espressif/tools/xtensa-esp32-elf/esp-2021r2-patch5-8.4.0/xtensa-esp32-elf/bin/../lib/gcc/xtensa-esp32-elf/8.4.0/../../../../xtensa-esp32-elf/bin/
LIBRARY_PATH=/home/sameergupta/.espressif/tools/xtensa-esp32-elf/esp-2021r2-patch5-8.4.0/xtensa-esp32-elf/bin/../lib/gcc/xtensa-esp32-elf/8.4.0/:/home/sameergupta/.espressif/tools/xtensa-esp32-elf/esp-2021r2-patch5-8.4.0/xtensa-esp32-elf/bin/../lib/gcc/:/home/sameergupta/.espressif/tools/xtensa-esp32-elf/esp-2021r2-patch5-8.4.0/xtensa-esp32-elf/bin/../lib/gcc/xtensa-esp32-elf/8.4.0/../../../../xtensa-esp32-elf/lib/
COLLECT_GCC_OPTIONS='-mlongcalls' '-Wno-frame-address' '-v' '-o' 'CMakeFiles/cmTC_85a5a.dir/CMakeCXXCompilerABI.cpp.obj' '-c'
[2/2] Linking CXX executable cmTC_85a5a
Using built-in specs.
COLLECT_GCC=/home/sameergupta/.espressif/tools/xtensa-esp32-elf/esp-2021r2-patch5-8.4.0/xtensa-esp32-elf/bin/xtensa-esp32-elf-g++
COLLECT_LTO_WRAPPER=/home/sameergupta/.espressif/tools/xtensa-esp32-elf/esp-2021r2-patch5-8.4.0/xtensa-esp32-elf/bin/../libexec/gcc/xtensa-esp32-elf/8.4.0/lto-wrapper
Target: xtensa-esp32-elf
Configured with: /builds/idf/crosstool-NG/.build/HOST-aarch64-linux-gnu/xtensa-esp32-elf/src/gcc/configure --build=x86_64-build_pc-linux-gnu --host=aarch64-host_unknown-linux-gnu --target=xtensa-esp32-elf --prefix=/builds/idf/crosstool-NG/builds/xtensa-esp32-elf --exec_prefix=/builds/idf/crosstool-NG/builds/xtensa-esp32-elf --with-local-prefix=/builds/idf/crosstool-NG/builds/xtensa-esp32-elf/xtensa-esp32-elf --with-headers=/builds/idf/crosstool-NG/builds/xtensa-esp32-elf/xtensa-esp32-elf/include --with-newlib --enable-threads=no --disable-shared --with-pkgversion='crosstool-NG esp-2021r2-patch5' --disable-__cxa_atexit --enable-cxx-flags=-ffunction-sections --disable-libgomp --disable-libmudflap --disable-libmpx --disable-libssp --disable-libquadmath --disable-libquadmath-support --disable-libstdcxx-verbose --with-gmp=/builds/idf/crosstool-NG/.build/HOST-aarch64-linux-gnu/xtensa-esp32-elf/buildtools/complibs-host --with-mpfr=/builds/idf/crosstool-NG/.build/HOST-aarch64-linux-gnu/xtensa-esp32-elf/buildtools/complibs-host --with-mpc=/builds/idf/crosstool-NG/.build/HOST-aarch64-linux-gnu/xtensa-esp32-elf/buildtools/complibs-host --with-isl=/builds/idf/crosstool-NG/.build/HOST-aarch64-linux-gnu/xtensa-esp32-elf/buildtools/complibs-host --enable-lto --enable-target-optspace --without-long-double-128 --disable-nls --enable-multiarch --enable-languages=c,c++ --disable-libstdcxx-verbose --enable-threads=posix --enable-gcov-custom-rtio --enable-libstdcxx-time=yes
Thread model: posix
gcc version 8.4.0 (crosstool-NG esp-2021r2-patch5) 
COMPILER_PATH=/home/sameergupta/.espressif/tools/xtensa-esp32-elf/esp-2021r2-patch5-8.4.0/xtensa-esp32-elf/bin/../libexec/gcc/xtensa-esp32-elf/8.4.0/:/home/sameergupta/.espressif/tools/xtensa-esp32-elf/esp-2021r2-patch5-8.4.0/xtensa-esp32-elf/bin/../libexec/gcc/:/home/sameergupta/.espressif/tools/xtensa-esp32-elf/esp-2021r2-patch5-8.4.0/xtensa-esp32-elf/bin/../lib/gcc/xtensa-esp32-elf/8.4.0/../../../../xtensa-esp32-elf/bin/
LIBRARY_PATH=/home/sameergupta/.espressif/tools/xtensa-esp32-elf/esp-2021r2-patch5-8.4.0/xtensa-esp32-elf/bin/../lib/gcc/xtensa-esp32-elf/8.4.0/:/home/sameergupta/.espressif/tools/xtensa-esp32-elf/esp-2021r2-patch5-8.4.0/xtensa-esp32-elf/bin/../lib/gcc/:/home/sameergupta/.espressif/tools/xtensa-esp32-elf/esp-2021r2-patch5-8.4.0/xtensa-esp32-elf/bin/../lib/gcc/xtensa-esp32-elf/8.4.0/../../../../xtensa-esp32-elf/lib/
COLLECT_GCC_OPTIONS='-mlongcalls' '-Wno-frame-address' '-v' '-o' 'cmTC_85a5a'
 /home/sameergupta/.espressif/tools/xtensa-esp32-elf/esp-2021r2-patch5-8.4.0/xtensa-esp32-elf/bin/../libexec/gcc/xtensa-esp32-elf/8.4.0/collect2 -plugin /home/sameergupta/.espressif/tools/xtensa-esp32-elf/esp-2021r2-patch5-8.4.0/xtensa-esp32-elf/bin/../libexec/gcc/xtensa-esp32-elf/8.4.0/liblto_plugin.so -plugin-opt=/home/sameergupta/.espressif/tools/xtensa-esp32-elf/esp-2021r2-patch5-8.4.0/xtensa-esp32-elf/bin/../libexec/gcc/xtensa-esp32-elf/8.4.0/lto-wrapper -plugin-opt=-fresolution=/tmp/ccjLOVjw.res -plugin-opt=-pass-through=-lgcc -plugin-opt=-pass-through=-lc -plugin-opt=-pass-through=-lnosys -plugin-opt=-pass-through=-lc -plugin-opt=-pass-through=-lgcc -o cmTC_85a5a /home/sameergupta/.espressif/tools/xtensa-esp32-elf/esp-2021r2-patch5-8.4.0/xtensa-esp32-elf/bin/../lib/gcc/xtensa-esp32-elf/8.4.0/../../../../xtensa-esp32-elf/lib/crt0.o /home/sameergupta/.espressif/tools/xtensa-esp32-elf/esp-2021r2-patch5-8.4.0/xtensa-esp32-elf/bin/../lib/gcc/xtensa-esp32-elf/8.4.0/crti.o /home/sameergupta/.espressif/tools/xtensa-esp32-elf/esp-2021r2-patch5-8.4.0/xtensa-esp32-elf/bin/../lib/gcc/xtensa-esp32-elf/8.4.0/crtbegin.o -L/home/sameergupta/.espressif/tools/xtensa-esp32-elf/esp-2021r2-patch5-8.4.0/xtensa-esp32-elf/bin/../lib/gcc/xtensa-esp32-elf/8.4.0 -L/home/sameergupta/.espressif/tools/xtensa-esp32-elf/esp-2021r2-patch5-8.4.0/xtensa-esp32-elf/bin/../lib/gcc -L/home/sameergupta/.espressif/tools/xtensa-esp32-elf/esp-2021r2-patch5-8.4.0/xtensa-esp32-elf/bin/../lib/gcc/xtensa-esp32-elf/8.4.0/../../../../xtensa-esp32-elf/lib CMakeFiles/cmTC_85a5a.dir/CMakeCXXCompilerABI.cpp.obj -lstdc++ -lm -lgcc -lc -lnosys -lc -lgcc /home/sameergupta/.espressif/tools/xtensa-esp32-elf/esp-2021r2-patch5-8.4.0/xtensa-esp32-elf/bin/../lib/gcc/xtensa-esp32-elf/8.4.0/crtend.o /home/sameergupta/.espressif/tools/xtensa-esp32-elf/esp-2021r2-patch5-8.4.0/xtensa-esp32-elf/bin/../lib/gcc/xtensa-esp32-elf/8.4.0/crtn.o
COLLECT_GCC_OPTIONS='-mlongcalls' '-Wno-frame-address' '-v' '-o' 'cmTC_85a5a'



Parsed CXX implicit include dir info from above output: rv=done
  found start of include info
  found start of implicit include info
    add: [/home/sameergupta/.espressif/tools/xtensa-esp32-elf/esp-2021r2-patch5-8.4.0/xtensa-esp32-elf/bin/../lib/gcc/xtensa-esp32-elf/8.4.0/../../../../xtensa-esp32-elf/include/c++/8.4.0]
    add: [/home/sameergupta/.espressif/tools/xtensa-esp32-elf/esp-2021r2-patch5-8.4.0/xtensa-esp32-elf/bin/../lib/gcc/xtensa-esp32-elf/8.4.0/../../../../xtensa-esp32-elf/include/c++/8.4.0/xtensa-esp32-elf]
    add: [/home/sameergupta/.espressif/tools/xtensa-esp32-elf/esp-2021r2-patch5-8.4.0/xtensa-esp32-elf/bin/../lib/gcc/xtensa-esp32-elf/8.4.0/../../../../xtensa-esp32-elf/include/c++/8.4.0/backward]
    add: [/home/sameergupta/.espressif/tools/xtensa-esp32-elf/esp-2021r2-patch5-8.4.0/xtensa-esp32-elf/bin/../lib/gcc/xtensa-esp32-elf/8.4.0/include]
    add: [/home/sameergupta/.espressif/tools/xtensa-esp32-elf/esp-2021r2-patch5-8.4.0/xtensa-esp32-elf/bin/../lib/gcc/xtensa-esp32-elf/8.4.0/include-fixed]
    add: [/home/sameergupta/.espressif/tools/xtensa-esp32-elf/esp-2021r2-patch5-8.4.0/xtensa-esp32-elf/bin/../lib/gcc/xtensa-esp32-elf/8.4.0/../../../../xtensa-esp32-elf/sys-include]
    add: [/home/sameergupta/.espressif/tools/xtensa-esp32-elf/esp-2021r2-patch5-8.4.0/xtensa-esp32-elf/bin/../lib/gcc/xtensa-esp32-elf/8.4.0/../../../../xtensa-esp32-elf/include]
  end of search list found
  collapse include dir [/home/sameergupta/.espressif/tools/xtensa-esp32-elf/esp-2021r2-patch5-8.4.0/xtensa-esp32-elf/bin/../lib/gcc/xtensa-esp32-elf/8.4.0/../../../../xtensa-esp32-elf/include/c++/8.4.0] ==> [/home/sameergupta/.espressif/tools/xtensa-esp32-elf/esp-2021r2-patch5-8.4.0/xtensa-esp32-elf/xtensa-esp32-elf/include/c++/8.4.0]
  collapse include dir [/home/sameergupta/.espressif/tools/xtensa-esp32-elf/esp-2021r2-patch5-8.4.0/xtensa-esp32-elf/bin/../lib/gcc/xtensa-esp32-elf/8.4.0/../../../../xtensa-esp32-elf/include/c++/8.4.0/xtensa-esp32-elf] ==> [/home/sameergupta/.espressif/tools/xtensa-esp32-elf/esp-2021r2-patch5-8.4.0/xtensa-esp32-elf/xtensa-esp32-elf/include/c++/8.4.0/xtensa-esp32-elf]
  collapse include dir [/home/sameergupta/.espressif/tools/xtensa-esp32-elf/esp-2021r2-patch5-8.4.0/xtensa-esp32-elf/bin/../lib/gcc/xtensa-esp32-elf/8.4.0/../../../../xtensa-esp32-elf/include/c++/8.4.0/backward] ==> [/home/sameergupta/.espressif/tools/xtensa-esp32-elf/esp-2021r2-patch5-8.4.0/xtensa-esp32-elf/xtensa-esp32-elf/include/c++/8.4.0/backward]
  collapse include dir [/home/sameergupta/.espressif/tools/xtensa-esp32-elf/esp-2021r2-patch5-8.4.0/xtensa-esp32-elf/bin/../lib/gcc/xtensa-esp32-elf/8.4.0/include] ==> [/home/sameergupta/.espressif/tools/xtensa-esp32-elf/esp-2021r2-patch5-8.4.0/xtensa-esp32-elf/lib/gcc/xtensa-esp32-elf/8.4.0/include]
  collapse include dir [/home/sameergupta/.espressif/tools/xtensa-esp32-elf/esp-2021r2-patch5-8.4.0/xtensa-esp32-elf/bin/../lib/gcc/xtensa-esp32-elf/8.4.0/include-fixed] ==> [/home/sameergupta/.espressif/tools/xtensa-esp32-elf/esp-2021r2-patch5-8.4.0/xtensa-esp32-elf/lib/gcc/xtensa-esp32-elf/8.4.0/include-fixed]
  collapse include dir [/home/sameergupta/.espressif/tools/xtensa-esp32-elf/esp-2021r2-patch5-8.4.0/xtensa-esp32-elf/bin/../lib/gcc/xtensa-esp32-elf/8.4.0/../../../../xtensa-esp32-elf/sys-include] ==> [/home/sameergupta/.espressif/tools/xtensa-esp32-elf/esp-2021r2-patch5-8.4.0/xtensa-esp32-elf/xtensa-esp32-elf/sys-include]
  collapse include dir [/home/sameergupta/.espressif/tools/xtensa-esp32-elf/esp-2021r2-patch5-8.4.0/xtensa-esp32-elf/bin/../lib/gcc/xtensa-esp32-elf/8.4.0/../../../../xtensa-esp32-elf/include] ==> [/home/sameergupta/.espressif/tools/xtensa-esp32-elf/esp-2021r2-patch5-8.4.0/xtensa-esp32-elf/xtensa-esp32-elf/include]
  implicit include dirs: [/home/sameergupta/.espressif/tools/xtensa-esp32-elf/esp-2021r2-patch5-8.4.0/xtensa-esp32-elf/xtensa-esp32-elf/include/c++/8.4.0;/home/sameergupta/.espressif/tools/xtensa-esp32-elf/esp-2021r2-patch5-8.4.0/xtensa-esp32-elf/xtensa-esp32-elf/include/c++/8.4.0/xtensa-esp32-elf;/home/sameergupta/.espressif/tools/xtensa-esp32-elf/esp-2021r2-patch5-8.4.0/xtensa-esp32-elf/xtensa-esp32-elf/include/c++/8.4.0/backward;/home/sameergupta/.espressif/tools/xtensa-esp32-elf/esp-2021r2-patch5-8.4.0/xtensa-esp32-elf/lib/gcc/xtensa-esp32-elf/8.4.0/include;/home/sameergupta/.espressif/tools/xtensa-esp32-elf/esp-2021r2-patch5-8.4.0/xtensa-esp32-elf/lib/gcc/xtensa-esp32-elf/8.4.0/include-fixed;/home/sameergupta/.espressif/tools/xtensa-esp32-elf/esp-2021r2-patch5-8.4.0/xtensa-esp32-elf/xtensa-esp32-elf/sys-include;/home/sameergupta/.espressif/tools/xtensa-esp32-elf/esp-2021r2-patch5-8.4.0/xtensa-esp32-elf/xtensa-esp32-elf/include]


Parsed CXX implicit link information from above output:
  link line regex: [^( *|.*[/\])(xtensa-esp32-elf-ld|CMAKE_LINK_STARTFILE-NOTFOUND|([^/\]+-)?ld|collect2)[^/\]*( |$)]
  ignore line: [Change Dir: /home/sameergupta/e-Yantra-HolA-Bot/task_five/build/bootloader/CMakeFiles/CMakeTmp]
  ignore line: []
  ignore line: [Run Build Command(s):/usr/bin/ninja cmTC_85a5a && [1/2] Building CXX object CMakeFiles/cmTC_85a5a.dir/CMakeCXXCompilerABI.cpp.obj]
  ignore line: [Using built-in specs.]
  ignore line: [COLLECT_GCC=/home/sameergupta/.espressif/tools/xtensa-esp32-elf/esp-2021r2-patch5-8.4.0/xtensa-esp32-elf/bin/xtensa-esp32-elf-g++]
  ignore line: [Target: xtensa-esp32-elf]
  ignore line: [Configured with: /builds/idf/crosstool-NG/.build/HOST-aarch64-linux-gnu/xtensa-esp32-elf/src/gcc/configure --build=x86_64-build_pc-linux-gnu --host=aarch64-host_unknown-linux-gnu --target=xtensa-esp32-elf --prefix=/builds/idf/crosstool-NG/builds/xtensa-esp32-elf --exec_prefix=/builds/idf/crosstool-NG/builds/xtensa-esp32-elf --with-local-prefix=/builds/idf/crosstool-NG/builds/xtensa-esp32-elf/xtensa-esp32-elf --with-headers=/builds/idf/crosstool-NG/builds/xtensa-esp32-elf/xtensa-esp32-elf/include --with-newlib --enable-threads=no --disable-shared --with-pkgversion='crosstool-NG esp-2021r2-patch5' --disable-__cxa_atexit --enable-cxx-flags=-ffunction-sections --disable-libgomp --disable-libmudflap --disable-libmpx --disable-libssp --disable-libquadmath --disable-libquadmath-support --disable-libstdcxx-verbose --with-gmp=/builds/idf/crosstool-NG/.build/HOST-aarch64-linux-gnu/xtensa-esp32-elf/buildtools/complibs-host --with-mpfr=/builds/idf/crosstool-NG/.build/HOST-aarch64-linux-gnu/xtensa-esp32-elf/buildtools/complibs-host --with-mpc=/builds/idf/crosstool-NG/.build/HOST-aarch64-linux-gnu/xtensa-esp32-elf/buildtools/complibs-host --with-isl=/builds/idf/crosstool-NG/.build/HOST-aarch64-linux-gnu/xtensa-esp32-elf/buildtools/complibs-host --enable-lto --enable-target-optspace --without-long-double-128 --disable-nls --enable-multiarch --enable-languages=c c++ --disable-libstdcxx-verbose --enable-threads=posix --enable-gcov-custom-rtio --enable-libstdcxx-time=yes]
  ignore line: [Thread model: posix]
  ignore line: [gcc version 8.4.0 (crosstool-NG esp-2021r2-patch5) ]
  ignore line: [COLLECT_GCC_OPTIONS='-mlongcalls' '-Wno-frame-address' '-v' '-o' 'CMakeFiles/cmTC_85a5a.dir/CMakeCXXCompilerABI.cpp.obj' '-c']
  ignore line: [ /home/sameergupta/.espressif/tools/xtensa-esp32-elf/esp-2021r2-patch5-8.4.0/xtensa-esp32-elf/bin/../libexec/gcc/xtensa-esp32-elf/8.4.0/cc1plus -quiet -v -iprefix /home/sameergupta/.espressif/tools/xtensa-esp32-elf/esp-2021r2-patch5-8.4.0/xtensa-esp32-elf/bin/../lib/gcc/xtensa-esp32-elf/8.4.0/ /usr/share/cmake-3.16/Modules/CMakeCXXCompilerABI.cpp -quiet -dumpbase CMakeCXXCompilerABI.cpp -mlongcalls -auxbase-strip CMakeFiles/cmTC_85a5a.dir/CMakeCXXCompilerABI.cpp.obj -Wno-frame-address -version -o /tmp/ccd43vwM.s]
  ignore line: [GNU C++14 (crosstool-NG esp-2021r2-patch5) version 8.4.0 (xtensa-esp32-elf)]
  ignore line: [	compiled by GNU C version 6.3.0 20170516  GMP version 6.2.1  MPFR version 4.1.0  MPC version 1.2.1  isl version isl-0.19-GMP]
  ignore line: []
  ignore line: [GGC heuristics: --param ggc-min-expand=100 --param ggc-min-heapsize=131072]
  ignore line: [ignoring duplicate directory "/home/sameergupta/.espressif/tools/xtensa-esp32-elf/esp-2021r2-patch5-8.4.0/xtensa-esp32-elf/bin/../lib/gcc/../../lib/gcc/xtensa-esp32-elf/8.4.0/../../../../xtensa-esp32-elf/include/c++/8.4.0"]
  ignore line: [ignoring duplicate directory "/home/sameergupta/.espressif/tools/xtensa-esp32-elf/esp-2021r2-patch5-8.4.0/xtensa-esp32-elf/bin/../lib/gcc/../../lib/gcc/xtensa-esp32-elf/8.4.0/../../../../xtensa-esp32-elf/include/c++/8.4.0/xtensa-esp32-elf"]
  ignore line: [ignoring duplicate directory "/home/sameergupta/.espressif/tools/xtensa-esp32-elf/esp-2021r2-patch5-8.4.0/xtensa-esp32-elf/bin/../lib/gcc/../../lib/gcc/xtensa-esp32-elf/8.4.0/../../../../xtensa-esp32-elf/include/c++/8.4.0/backward"]
  ignore line: [ignoring duplicate directory "/home/sameergupta/.espressif/tools/xtensa-esp32-elf/esp-2021r2-patch5-8.4.0/xtensa-esp32-elf/bin/../lib/gcc/../../lib/gcc/xtensa-esp32-elf/8.4.0/include"]
  ignore line: [ignoring duplicate directory "/home/sameergupta/.espressif/tools/xtensa-esp32-elf/esp-2021r2-patch5-8.4.0/xtensa-esp32-elf/bin/../lib/gcc/../../lib/gcc/xtensa-esp32-elf/8.4.0/include-fixed"]
  ignore line: [ignoring duplicate directory "/home/sameergupta/.espressif/tools/xtensa-esp32-elf/esp-2021r2-patch5-8.4.0/xtensa-esp32-elf/bin/../lib/gcc/../../lib/gcc/xtensa-esp32-elf/8.4.0/../../../../xtensa-esp32-elf/sys-include"]
  ignore line: [ignoring duplicate directory "/home/sameergupta/.espressif/tools/xtensa-esp32-elf/esp-2021r2-patch5-8.4.0/xtensa-esp32-elf/bin/../lib/gcc/../../lib/gcc/xtensa-esp32-elf/8.4.0/../../../../xtensa-esp32-elf/include"]
  ignore line: [#include "..." search starts here:]
  ignore line: [#include <...> search starts here:]
  ignore line: [ /home/sameergupta/.espressif/tools/xtensa-esp32-elf/esp-2021r2-patch5-8.4.0/xtensa-esp32-elf/bin/../lib/gcc/xtensa-esp32-elf/8.4.0/../../../../xtensa-esp32-elf/include/c++/8.4.0]
  ignore line: [ /home/sameergupta/.espressif/tools/xtensa-esp32-elf/esp-2021r2-patch5-8.4.0/xtensa-esp32-elf/bin/../lib/gcc/xtensa-esp32-elf/8.4.0/../../../../xtensa-esp32-elf/include/c++/8.4.0/xtensa-esp32-elf]
  ignore line: [ /home/sameergupta/.espressif/tools/xtensa-esp32-elf/esp-2021r2-patch5-8.4.0/xtensa-esp32-elf/bin/../lib/gcc/xtensa-esp32-elf/8.4.0/../../../../xtensa-esp32-elf/include/c++/8.4.0/backward]
  ignore line: [ /home/sameergupta/.espressif/tools/xtensa-esp32-elf/esp-2021r2-patch5-8.4.0/xtensa-esp32-elf/bin/../lib/gcc/xtensa-esp32-elf/8.4.0/include]
  ignore line: [ /home/sameergupta/.espressif/tools/xtensa-esp32-elf/esp-2021r2-patch5-8.4.0/xtensa-esp32-elf/bin/../lib/gcc/xtensa-esp32-elf/8.4.0/include-fixed]
  ignore line: [ /home/sameergupta/.espressif/tools/xtensa-esp32-elf/esp-2021r2-patch5-8.4.0/xtensa-esp32-elf/bin/../lib/gcc/xtensa-esp32-elf/8.4.0/../../../../xtensa-esp32-elf/sys-include]
  ignore line: [ /home/sameergupta/.espressif/tools/xtensa-esp32-elf/esp-2021r2-patch5-8.4.0/xtensa-esp32-elf/bin/../lib/gcc/xtensa-esp32-elf/8.4.0/../../../../xtensa-esp32-elf/include]
  ignore line: [End of search list.]
  ignore line: [GNU C++14 (crosstool-NG esp-2021r2-patch5) version 8.4.0 (xtensa-esp32-elf)]
  ignore line: [	compiled by GNU C version 6.3.0 20170516  GMP version 6.2.1  MPFR version 4.1.0  MPC version 1.2.1  isl version isl-0.19-GMP]
  ignore line: []
  ignore line: [GGC heuristics: --param ggc-min-expand=100 --param ggc-min-heapsize=131072]
  ignore line: [Compiler executable checksum: 73fbf11aa23c83e45ff2a40cf521ba8a]
  ignore line: [COLLECT_GCC_OPTIONS='-mlongcalls' '-Wno-frame-address' '-v' '-o' 'CMakeFiles/cmTC_85a5a.dir/CMakeCXXCompilerABI.cpp.obj' '-c']
  ignore line: [ /home/sameergupta/.espressif/tools/xtensa-esp32-elf/esp-2021r2-patch5-8.4.0/xtensa-esp32-elf/bin/../lib/gcc/xtensa-esp32-elf/8.4.0/../../../../xtensa-esp32-elf/bin/as --traditional-format --longcalls -o CMakeFiles/cmTC_85a5a.dir/CMakeCXXCompilerABI.cpp.obj /tmp/ccd43vwM.s]
  ignore line: [COMPILER_PATH=/home/sameergupta/.espressif/tools/xtensa-esp32-elf/esp-2021r2-patch5-8.4.0/xtensa-esp32-elf/bin/../libexec/gcc/xtensa-esp32-elf/8.4.0/:/home/sameergupta/.espressif/tools/xtensa-esp32-elf/esp-2021r2-patch5-8.4.0/xtensa-esp32-elf/bin/../libexec/gcc/:/home/sameergupta/.espressif/tools/xtensa-esp32-elf/esp-2021r2-patch5-8.4.0/xtensa-esp32-elf/bin/../lib/gcc/xtensa-esp32-elf/8.4.0/../../../../xtensa-esp32-elf/bin/]
  ignore line: [LIBRARY_PATH=/home/sameergupta/.espressif/tools/xtensa-esp32-elf/esp-2021r2-patch5-8.4.0/xtensa-esp32-elf/bin/../lib/gcc/xtensa-esp32-elf/8.4.0/:/home/sameergupta/.espressif/tools/xtensa-esp32-elf/esp-2021r2-patch5-8.4.0/xtensa-esp32-elf/bin/../lib/gcc/:/home/sameergupta/.espressif/tools/xtensa-esp32-elf/esp-2021r2-patch5-8.4.0/xtensa-esp32-elf/bin/../lib/gcc/xtensa-esp32-elf/8.4.0/../../../../xtensa-esp32-elf/lib/]
  ignore line: [COLLECT_GCC_OPTIONS='-mlongcalls' '-Wno-frame-address' '-v' '-o' 'CMakeFiles/cmTC_85a5a.dir/CMakeCXXCompilerABI.cpp.obj' '-c']
  ignore line: [[2/2] Linking CXX executable cmTC_85a5a]
  ignore line: [Using built-in specs.]
  ignore line: [COLLECT_GCC=/home/sameergupta/.espressif/tools/xtensa-esp32-elf/esp-2021r2-patch5-8.4.0/xtensa-esp32-elf/bin/xtensa-esp32-elf-g++]
  ignore line: [COLLECT_LTO_WRAPPER=/home/sameergupta/.espressif/tools/xtensa-esp32-elf/esp-2021r2-patch5-8.4.0/xtensa-esp32-elf/bin/../libexec/gcc/xtensa-esp32-elf/8.4.0/lto-wrapper]
  ignore line: [Target: xtensa-esp32-elf]
  ignore line: [Configured with: /builds/idf/crosstool-NG/.build/HOST-aarch64-linux-gnu/xtensa-esp32-elf/src/gcc/configure --build=x86_64-build_pc-linux-gnu --host=aarch64-host_unknown-linux-gnu --target=xtensa-esp32-elf --prefix=/builds/idf/crosstool-NG/builds/xtensa-esp32-elf --exec_prefix=/builds/idf/crosstool-NG/builds/xtensa-esp32-elf --with-local-prefix=/builds/idf/crosstool-NG/builds/xtensa-esp32-elf/xtensa-esp32-elf --with-headers=/builds/idf/crosstool-NG/builds/xtensa-esp32-elf/xtensa-esp32-elf/include --with-newlib --enable-threads=no --disable-shared --with-pkgversion='crosstool-NG esp-2021r2-patch5' --disable-__cxa_atexit --enable-cxx-flags=-ffunction-sections --disable-libgomp --disable-libmudflap --disable-libmpx --disable-libssp --disable-libquadmath --disable-libquadmath-support --disable-libstdcxx-verbose --with-gmp=/builds/idf/crosstool-NG/.build/HOST-aarch64-linux-gnu/xtensa-esp32-elf/buildtools/complibs-host --with-mpfr=/builds/idf/crosstool-NG/.build/HOST-aarch64-linux-gnu/xtensa-esp32-elf/buildtools/complibs-host --with-mpc=/builds/idf/crosstool-NG/.build/HOST-aarch64-linux-gnu/xtensa-esp32-elf/buildtools/complibs-host --with-isl=/builds/idf/crosstool-NG/.build/HOST-aarch64-linux-gnu/xtensa-esp32-elf/buildtools/complibs-host --enable-lto --enable-target-optspace --without-long-double-128 --disable-nls --enable-multiarch --enable-languages=c c++ --disable-libstdcxx-verbose --enable-threads=posix --enable-gcov-custom-rtio --enable-libstdcxx-time=yes]
  ignore line: [Thread model: posix]
  ignore line: [gcc version 8.4.0 (crosstool-NG esp-2021r2-patch5) ]
  ignore line: [COMPILER_PATH=/home/sameergupta/.espressif/tools/xtensa-esp32-elf/esp-2021r2-patch5-8.4.0/xtensa-esp32-elf/bin/../libexec/gcc/xtensa-esp32-elf/8.4.0/:/home/sameergupta/.espressif/tools/xtensa-esp32-elf/esp-2021r2-patch5-8.4.0/xtensa-esp32-elf/bin/../libexec/gcc/:/home/sameergupta/.espressif/tools/xtensa-esp32-elf/esp-2021r2-patch5-8.4.0/xtensa-esp32-elf/bin/../lib/gcc/xtensa-esp32-elf/8.4.0/../../../../xtensa-esp32-elf/bin/]
  ignore line: [LIBRARY_PATH=/home/sameergupta/.espressif/tools/xtensa-esp32-elf/esp-2021r2-patch5-8.4.0/xtensa-esp32-elf/bin/../lib/gcc/xtensa-esp32-elf/8.4.0/:/home/sameergupta/.espressif/tools/xtensa-esp32-elf/esp-2021r2-patch5-8.4.0/xtensa-esp32-elf/bin/../lib/gcc/:/home/sameergupta/.espressif/tools/xtensa-esp32-elf/esp-2021r2-patch5-8.4.0/xtensa-esp32-elf/bin/../lib/gcc/xtensa-esp32-elf/8.4.0/../../../../xtensa-esp32-elf/lib/]
  ignore line: [COLLECT_GCC_OPTIONS='-mlongcalls' '-Wno-frame-address' '-v' '-o' 'cmTC_85a5a']
  link line: [ /home/sameergupta/.espressif/tools/xtensa-esp32-elf/esp-2021r2-patch5-8.4.0/xtensa-esp32-elf/bin/../libexec/gcc/xtensa-esp32-elf/8.4.0/collect2 -plugin /home/sameergupta/.espressif/tools/xtensa-esp32-elf/esp-2021r2-patch5-8.4.0/xtensa-esp32-elf/bin/../libexec/gcc/xtensa-esp32-elf/8.4.0/liblto_plugin.so -plugin-opt=/home/sameergupta/.espressif/tools/xtensa-esp32-elf/esp-2021r2-patch5-8.4.0/xtensa-esp32-elf/bin/../libexec/gcc/xtensa-esp32-elf/8.4.0/lto-wrapper -plugin-opt=-fresolution=/tmp/ccjLOVjw.res -plugin-opt=-pass-through=-lgcc -plugin-opt=-pass-through=-lc -plugin-opt=-pass-through=-lnosys -plugin-opt=-pass-through=-lc -plugin-opt=-pass-through=-lgcc -o cmTC_85a5a /home/sameergupta/.espressif/tools/xtensa-esp32-elf/esp-2021r2-patch5-8.4.0/xtensa-esp32-elf/bin/../lib/gcc/xtensa-esp32-elf/8.4.0/../../../../xtensa-esp32-elf/lib/crt0.o /home/sameergupta/.espressif/tools/xtensa-esp32-elf/esp-2021r2-patch5-8.4.0/xtensa-esp32-elf/bin/../lib/gcc/xtensa-esp32-elf/8.4.0/crti.o /home/sameergupta/.espressif/tools/xtensa-esp32-elf/esp-2021r2-patch5-8.4.0/xtensa-esp32-elf/bin/../lib/gcc/xtensa-esp32-elf/8.4.0/crtbegin.o -L/home/sameergupta/.espressif/tools/xtensa-esp32-elf/esp-2021r2-patch5-8.4.0/xtensa-esp32-elf/bin/../lib/gcc/xtensa-esp32-elf/8.4.0 -L/home/sameergupta/.espressif/tools/xtensa-esp32-elf/esp-2021r2-patch5-8.4.0/xtensa-esp32-elf/bin/../lib/gcc -L/home/sameergupta/.espressif/tools/xtensa-esp32-elf/esp-2021r2-patch5-8.4.0/xtensa-esp32-elf/bin/../lib/gcc/xtensa-esp32-elf/8.4.0/../../../../xtensa-esp32-elf/lib CMakeFiles/cmTC_85a5a.dir/CMakeCXXCompilerABI.cpp.obj -lstdc++ -lm -lgcc -lc -lnosys -lc -lgcc /home/sameergupta/.espressif/tools/xtensa-esp32-elf/esp-2021r2-patch5-8.4.0/xtensa-esp32-elf/bin/../lib/gcc/xtensa-esp32-elf/8.4.0/crtend.o /home/sameergupta/.espressif/tools/xtensa-esp32-elf/esp-2021r2-patch5-8.4.0/xtensa-esp32-elf/bin/../lib/gcc/xtensa-esp32-elf/8.4.0/crtn.o]
    arg [/home/sameergupta/.espressif/tools/xtensa-esp32-elf/esp-2021r2-patch5-8.4.0/xtensa-esp32-elf/bin/../libexec/gcc/xtensa-esp32-elf/8.4.0/collect2] ==> ignore
    arg [-plugin] ==> ignore
    arg [/home/sameergupta/.espressif/tools/xtensa-esp32-elf/esp-2021r2-patch5-8.4.0/xtensa-esp32-elf/bin/../libexec/gcc/xtensa-esp32-elf/8.4.0/liblto_plugin.so] ==> ignore
    arg [-plugin-opt=/home/sameergupta/.espressif/tools/xtensa-esp32-elf/esp-2021r2-patch5-8.4.0/xtensa-esp32-elf/bin/../libexec/gcc/xtensa-esp32-elf/8.4.0/lto-wrapper] ==> ignore
    arg [-plugin-opt=-fresolution=/tmp/ccjLOVjw.res] ==> ignore
    arg [-plugin-opt=-pass-through=-lgcc] ==> ignore
    arg [-plugin-opt=-pass-through=-lc] ==> ignore
    arg [-plugin-opt=-pass-through=-lnosys] ==> ignore
    arg [-plugin-opt=-pass-through=-lc] ==> ignore
    arg [-plugin-opt=-pass-through=-lgcc] ==> ignore
    arg [-o] ==> ignore
    arg [cmTC_85a5a] ==> ignore
    arg [/home/sameergupta/.espressif/tools/xtensa-esp32-elf/esp-2021r2-patch5-8.4.0/xtensa-esp32-elf/bin/../lib/gcc/xtensa-esp32-elf/8.4.0/../../../../xtensa-esp32-elf/lib/crt0.o] ==> ignore
    arg [/home/sameergupta/.espressif/tools/xtensa-esp32-elf/esp-2021r2-patch5-8.4.0/xtensa-esp32-elf/bin/../lib/gcc/xtensa-esp32-elf/8.4.0/crti.o] ==> ignore
    arg [/home/sameergupta/.espressif/tools/xtensa-esp32-elf/esp-2021r2-patch5-8.4.0/xtensa-esp32-elf/bin/../lib/gcc/xtensa-esp32-elf/8.4.0/crtbegin.o] ==> ignore
    arg [-L/home/sameergupta/.espressif/tools/xtensa-esp32-elf/esp-2021r2-patch5-8.4.0/xtensa-esp32-elf/bin/../lib/gcc/xtensa-esp32-elf/8.4.0] ==> dir [/home/sameergupta/.espressif/tools/xtensa-esp32-elf/esp-2021r2-patch5-8.4.0/xtensa-esp32-elf/bin/../lib/gcc/xtensa-esp32-elf/8.4.0]
    arg [-L/home/sameergupta/.espressif/tools/xtensa-esp32-elf/esp-2021r2-patch5-8.4.0/xtensa-esp32-elf/bin/../lib/gcc] ==> dir [/home/sameergupta/.espressif/tools/xtensa-esp32-elf/esp-2021r2-patch5-8.4.0/xtensa-esp32-elf/bin/../lib/gcc]
    arg [-L/home/sameergupta/.espressif/tools/xtensa-esp32-elf/esp-2021r2-patch5-8.4.0/xtensa-esp32-elf/bin/../lib/gcc/xtensa-esp32-elf/8.4.0/../../../../xtensa-esp32-elf/lib] ==> dir [/home/sameergupta/.espressif/tools/xtensa-esp32-elf/esp-2021r2-patch5-8.4.0/xtensa-esp32-elf/bin/../lib/gcc/xtensa-esp32-elf/8.4.0/../../../../xtensa-esp32-elf/lib]
    arg [CMakeFiles/cmTC_85a5a.dir/CMakeCXXCompilerABI.cpp.obj] ==> ignore
    arg [-lstdc++] ==> lib [stdc++]
    arg [-lm] ==> lib [m]
    arg [-lgcc] ==> lib [gcc]
    arg [-lc] ==> lib [c]
    arg [-lnosys] ==> lib [nosys]
    arg [-lc] ==> lib [c]
    arg [-lgcc] ==> lib [gcc]
    arg [/home/sameergupta/.espressif/tools/xtensa-esp32-elf/esp-2021r2-patch5-8.4.0/xtensa-esp32-elf/bin/../lib/gcc/xtensa-esp32-elf/8.4.0/crtend.o] ==> ignore
    arg [/home/sameergupta/.espressif/tools/xtensa-esp32-elf/esp-2021r2-patch5-8.4.0/xtensa-esp32-elf/bin/../lib/gcc/xtensa-esp32-elf/8.4.0/crtn.o] ==> ignore
  collapse library dir [/home/sameergupta/.espressif/tools/xtensa-esp32-elf/esp-2021r2-patch5-8.4.0/xtensa-esp32-elf/bin/../lib/gcc/xtensa-esp32-elf/8.4.0] ==> [/home/sameergupta/.espressif/tools/xtensa-esp32-elf/esp-2021r2-patch5-8.4.0/xtensa-esp32-elf/lib/gcc/xtensa-esp32-elf/8.4.0]
  collapse library dir [/home/sameergupta/.espressif/tools/xtensa-esp32-elf/esp-2021r2-patch5-8.4.0/xtensa-esp32-elf/bin/../lib/gcc] ==> [/home/sameergupta/.espressif/tools/xtensa-esp32-elf/esp-2021r2-patch5-8.4.0/xtensa-esp32-elf/lib/gcc]
  collapse library dir [/home/sameergupta/.espressif/tools/xtensa-esp32-elf/esp-2021r2-patch5-8.4.0/xtensa-esp32-elf/bin/../lib/gcc/xtensa-esp32-elf/8.4.0/../../../../xtensa-esp32-elf/lib] ==> [/home/sameergupta/.espressif/tools/xtensa-esp32-elf/esp-2021r2-patch5-8.4.0/xtensa-esp32-elf/xtensa-esp32-elf/lib]
  implicit libs: [stdc++;m;gcc;c;nosys;c;gcc]
  implicit dirs: [/home/sameergupta/.espressif/tools/xtensa-esp32-elf/esp-2021r2-patch5-8.4.0/xtensa-esp32-elf/lib/gcc/xtensa-esp32-elf/8.4.0;/home/sameergupta/.espressif/tools/xtensa-esp32-elf/esp-2021r2-patch5-8.4.0/xtensa-esp32-elf/lib/gcc;/home/sameergupta/.espressif/tools/xtensa-esp32-elf/esp-2021r2-patch5-8.4.0/xtensa-esp32-elf/xtensa-esp32-elf/lib]
  implicit fwks: []


